<?xml version="1.0" encoding="UTF-8" ?>
<testsuite tests="10" failures="0" name="ru.itmo.java.Task2Test" time="0.182" errors="0" skipped="0">
  <properties>
    <property name="java.runtime.name" value="Java(TM) SE Runtime Environment"/>
    <property name="java.vm.version" value="13.0.2+8"/>
    <property name="sun.boot.library.path" value="C:\Users\Tim\Java\bin"/>
    <property name="maven.multiModuleProjectDirectory" value="C:\Users\Tim\IdeaProjects\task-2-datatypes-and-operators-N0MeRC1-NhYa"/>
    <property name="java.vm.vendor" value="Oracle Corporation"/>
    <property name="java.vendor.url" value="https://java.oracle.com/"/>
    <property name="guice.disable.misplaced.annotation.check" value="true"/>
    <property name="path.separator" value=";"/>
    <property name="java.vm.name" value="Java HotSpot(TM) 64-Bit Server VM"/>
    <property name="sun.os.patch.level" value=""/>
    <property name="user.script" value=""/>
    <property name="user.country" value="RU"/>
    <property name="sun.java.launcher" value="SUN_STANDARD"/>
    <property name="java.vm.specification.name" value="Java Virtual Machine Specification"/>
    <property name="user.dir" value="C:\Users\Tim\IdeaProjects\task-2-datatypes-and-operators-N0MeRC1-NhYa"/>
    <property name="java.vm.compressedOopsMode" value="32-bit"/>
    <property name="java.runtime.version" value="13.0.2+8"/>
    <property name="os.arch" value="amd64"/>
    <property name="java.io.tmpdir" value="C:\Users\Tim\AppData\Local\Temp\"/>
    <property name="line.separator" value="
"/>
    <property name="java.vm.specification.vendor" value="Oracle Corporation"/>
    <property name="user.variant" value=""/>
    <property name="os.name" value="Windows 8.1"/>
    <property name="maven.ext.class.path" value="D:\IntelliJ IDEA 2019.3.3\plugins\maven\lib\maven-event-listener.jar"/>
    <property name="classworlds.conf" value="D:\IntelliJ IDEA 2019.3.3\plugins\maven\lib\maven3\bin\m2.conf"/>
    <property name="sun.jnu.encoding" value="Cp1251"/>
    <property name="java.library.path" value="C:\Users\Tim\Java\bin;C:\Windows\Sun\Java\bin;C:\Windows\system32;C:\Windows;C:\Program Files (x86)\Common Files\Oracle\Java\javapath;C:\Program Files (x86)\NVIDIA Corporation\PhysX\Common;C:\Program Files (x86)\Intel\iCLS Client\;C:\Program Files\Intel\iCLS Client\;C:\Windows\system32;C:\Windows;C:\Windows\System32\Wbem;C:\Windows\System32\WindowsPowerShell\v1.0\;C:\Program Files (x86)\Windows Live\Shared;C:\Program Files\Intel\Intel(R) Management Engine Components\DAL;C:\Program Files\Intel\Intel(R) Management Engine Components\IPT;C:\Program Files (x86)\Intel\Intel(R) Management Engine Components\DAL;C:\Program Files (x86)\Intel\Intel(R) Management Engine Components\IPT;C:\FPC\2.6.4\bin\i386-Win32;C:\Windows\system32\config\systemprofile\.dnx\bin;C:\Program Files\Microsoft DNX\Dnvm\;C:\Program Files\Microsoft SQL Server\130\Tools\Binn\;C:\Program Files\Git\cmd;C:\Program Files (x86)\Microsoft SQL Server\Client SDK\ODBC\130\Tools\Binn\;C:\Program Files (x86)\Microsoft SQL Server\140\Tools\Binn\;C:\Program Files (x86)\Microsoft SQL Server\140\DTS\Binn\;C:\Program Files (x86)\Microsoft SQL Server\140\Tools\Binn\ManagementStudio\;C:\Program Files\dotnet\;C:\Program Files\Microsoft SQL Server\Client SDK\ODBC\170\Tools\Binn\;C:\Users\Tim\AppData\Local\Programs\Python\Python37-32\Scripts\;C:\Users\Tim\AppData\Local\Programs\Python\Python37-32\;C:\Users\Tim\AppData\Local\Programs\Microsoft VS Code\bin;."/>
    <property name="maven.conf" value="D:\IntelliJ IDEA 2019.3.3\plugins\maven\lib\maven3/conf"/>
    <property name="jdk.debug" value="release"/>
    <property name="java.class.version" value="57.0"/>
    <property name="java.specification.name" value="Java Platform API Specification"/>
    <property name="sun.management.compiler" value="HotSpot 64-Bit Tiered Compilers"/>
    <property name="idea.version2019.3.3" value="true"/>
    <property name="os.version" value="6.3"/>
    <property name="user.home" value="C:\Users\Tim"/>
    <property name="user.timezone" value="GMT+03:00"/>
    <property name="file.encoding" value="UTF-8"/>
    <property name="java.specification.version" value="13"/>
    <property name="user.name" value="Tim"/>
    <property name="java.class.path" value="D:\IntelliJ IDEA 2019.3.3\plugins\maven\lib\maven3\boot\plexus-classworlds-2.6.0.jar"/>
    <property name="java.vm.specification.version" value="13"/>
    <property name="sun.arch.data.model" value="64"/>
    <property name="sun.java.command" value="org.codehaus.classworlds.Launcher -Didea.version2019.3.3 clean install"/>
    <property name="java.home" value="C:\Users\Tim\Java"/>
    <property name="user.language" value="ru"/>
    <property name="java.specification.vendor" value="Oracle Corporation"/>
    <property name="java.vm.info" value="mixed mode, sharing"/>
    <property name="java.version" value="13.0.2"/>
    <property name="java.vendor" value="Oracle Corporation"/>
    <property name="maven.home" value="D:\IntelliJ IDEA 2019.3.3\plugins\maven\lib\maven3"/>
    <property name="file.separator" value="\"/>
    <property name="java.version.date" value="2020-01-14"/>
    <property name="java.vendor.url.bug" value="https://bugreport.java.com/bugreport/"/>
    <property name="sun.io.unicode.encoding" value="UnicodeLittle"/>
    <property name="sun.cpu.endian" value="little"/>
    <property name="sun.cpu.isalist" value="amd64"/>
  </properties>
  <testcase classname="ru.itmo.java.Task2Test" name="test_xorDigits" time="0.004"/>
  <testcase classname="ru.itmo.java.Task2Test" name="test_digitInRange" time="0"/>
  <testcase classname="ru.itmo.java.Task2Test" name="test_anyIsDigit" time="0.072"/>
  <testcase classname="ru.itmo.java.Task2Test" name="test_charCode" time="0.007"/>
  <testcase classname="ru.itmo.java.Task2Test" name="test_fractionalPart" time="0.053"/>
  <testcase classname="ru.itmo.java.Task2Test" name="test_nextEvenNumber" time="0.001"/>
  <testcase classname="ru.itmo.java.Task2Test" name="test_intsEqual" time="0.044"/>
  <testcase classname="ru.itmo.java.Task2Test" name="test_areRealNumbersEqual" time="0"/>
  <testcase classname="ru.itmo.java.Task2Test" name="test_sumOfDigits" time="0"/>
  <testcase classname="ru.itmo.java.Task2Test" name="test_schoolDesks" time="0.001"/>
</testsuite>